# JRE version: Java(TM) SE Runtime Environment (8.0_111-b14) (build 1.8.0_111-b14)
# Java VM: Java HotSpot(TM) 64-Bit Server VM (25.111-b14 mixed mode windows-amd64 compressed oops)
Heap:
 PSYoungGen      total 57344K, used 21952K [0x0000000780780000, 0x0000000784780000, 0x00000007c0000000)
  eden space 49152K, 32% used [0x0000000780780000,0x000000078171d8a8,0x0000000783780000)
  from space 8192K, 72% used [0x0000000783f80000,0x00000007845528e0,0x0000000784780000)
  to   space 8192K, 0% used [0x0000000783780000,0x0000000783780000,0x0000000783f80000)
 ParOldGen       total 131072K, used 2772K [0x0000000701600000, 0x0000000709600000, 0x0000000780780000)
  object space 131072K, 2% used [0x0000000701600000,0x00000007018b52d8,0x0000000709600000)
 Metaspace       used 15950K, capacity 16162K, committed 16384K, reserved 1062912K
  class space    used 1895K, capacity 1971K, committed 2048K, reserved 1048576K
GC Heap History (8 events):
Event: 14.879 GC heap before
{Heap before GC invocations=1 (full 0):
 PSYoungGen      total 57344K, used 47183K [0x0000000780780000, 0x0000000784780000, 0x00000007c0000000)
  eden space 49152K, 95% used [0x0000000780780000,0x0000000783593f00,0x0000000783780000)
  from space 8192K, 0% used [0x0000000783f80000,0x0000000783f80000,0x0000000784780000)
  to   space 8192K, 0% used [0x0000000783780000,0x0000000783780000,0x0000000783f80000)
 ParOldGen       total 131072K, used 0K [0x0000000701600000, 0x0000000709600000, 0x0000000780780000)
  object space 131072K, 0% used [0x0000000701600000,0x0000000701600000,0x0000000709600000)
 Metaspace       used 15687K, capacity 15906K, committed 16128K, reserved 1062912K
  class space    used 1895K, capacity 1971K, committed 2048K, reserved 1048576K
Event: 14.884 GC heap after
Heap after GC invocations=1 (full 0):
 PSYoungGen      total 57344K, used 8179K [0x0000000780780000, 0x0000000784780000, 0x00000007c0000000)
  eden space 49152K, 0% used [0x0000000780780000,0x0000000780780000,0x0000000783780000)
  from space 8192K, 99% used [0x0000000783780000,0x0000000783f7ccc8,0x0000000783f80000)
  to   space 8192K, 0% used [0x0000000783f80000,0x0000000783f80000,0x0000000784780000)
 ParOldGen       total 131072K, used 79K [0x0000000701600000, 0x0000000709600000, 0x0000000780780000)
  object space 131072K, 0% used [0x0000000701600000,0x0000000701613d68,0x0000000709600000)
 Metaspace       used 15687K, capacity 15906K, committed 16128K, reserved 1062912K
  class space    used 1895K, capacity 1971K, committed 2048K, reserved 1048576K
}
Event: 17.162 GC heap before
{Heap before GC invocations=2 (full 0):
 PSYoungGen      total 57344K, used 56842K [0x0000000780780000, 0x0000000784780000, 0x00000007c0000000)
  eden space 49152K, 99% used [0x0000000780780000,0x0000000783705e30,0x0000000783780000)
  from space 8192K, 99% used [0x0000000783780000,0x0000000783f7ccc8,0x0000000783f80000)
  to   space 8192K, 0% used [0x0000000783f80000,0x0000000783f80000,0x0000000784780000)
 ParOldGen       total 131072K, used 79K [0x0000000701600000, 0x0000000709600000, 0x0000000780780000)
  object space 131072K, 0% used [0x0000000701600000,0x0000000701613d68,0x0000000709600000)
 Metaspace       used 15820K, capacity 16034K, committed 16384K, reserved 1062912K
  class space    used 1895K, capacity 1971K, committed 2048K, reserved 1048576K
Event: 17.167 GC heap after
Heap after GC invocations=2 (full 0):
 PSYoungGen      total 57344K, used 8170K [0x0000000780780000, 0x0000000784780000, 0x00000007c0000000)
  eden space 49152K, 0% used [0x0000000780780000,0x0000000780780000,0x0000000783780000)
  from space 8192K, 99% used [0x0000000783f80000,0x000000078477ab20,0x0000000784780000)
  to   space 8192K, 0% used [0x0000000783780000,0x0000000783780000,0x0000000783f80000)
 ParOldGen       total 131072K, used 2756K [0x0000000701600000, 0x0000000709600000, 0x0000000780780000)
  object space 131072K, 2% used [0x0000000701600000,0x00000007018b12d8,0x0000000709600000)
 Metaspace       used 15820K, capacity 16034K, committed 16384K, reserved 1062912K
  class space    used 1895K, capacity 1971K, committed 2048K, reserved 1048576K
}
Event: 17.425 GC heap before
{Heap before GC invocations=3 (full 0):
 PSYoungGen      total 57344K, used 56525K [0x0000000780780000, 0x0000000784780000, 0x00000007c0000000)
  eden space 49152K, 98% used [0x0000000780780000,0x00000007836b8cb0,0x0000000783780000)
  from space 8192K, 99% used [0x0000000783f80000,0x000000078477ab20,0x0000000784780000)
  to   space 8192K, 0% used [0x0000000783780000,0x0000000783780000,0x0000000783f80000)
 ParOldGen       total 131072K, used 2756K [0x0000000701600000, 0x0000000709600000, 0x0000000780780000)
  object space 131072K, 2% used [0x0000000701600000,0x00000007018b12d8,0x0000000709600000)
 Metaspace       used 15873K, capacity 16098K, committed 16384K, reserved 1062912K
  class space    used 1895K, capacity 1971K, committed 2048K, reserved 1048576K
Event: 17.432 GC heap after
Heap after GC invocations=3 (full 0):
 PSYoungGen      total 57344K, used 5799K [0x0000000780780000, 0x0000000784780000, 0x00000007c0000000)
  eden space 49152K, 0% used [0x0000000780780000,0x0000000780780000,0x0000000783780000)
  from space 8192K, 70% used [0x0000000783780000,0x0000000783d29e50,0x0000000783f80000)
  to   space 8192K, 0% used [0x0000000783f80000,0x0000000783f80000,0x0000000784780000)
 ParOldGen       total 131072K, used 2764K [0x0000000701600000, 0x0000000709600000, 0x0000000780780000)
  object space 131072K, 2% used [0x0000000701600000,0x00000007018b32d8,0x0000000709600000)
 Metaspace       used 15873K, capacity 16098K, committed 16384K, reserved 1062912K
  class space    used 1895K, capacity 1971K, committed 2048K, reserved 1048576K
}
Event: 17.626 GC heap before
{Heap before GC invocations=4 (full 0):
 PSYoungGen      total 57344K, used 52204K [0x0000000780780000, 0x0000000784780000, 0x00000007c0000000)
  eden space 49152K, 94% used [0x0000000780780000,0x00000007834d1218,0x0000000783780000)
  from space 8192K, 70% used [0x0000000783780000,0x0000000783d29e50,0x0000000783f80000)
  to   space 8192K, 0% used [0x0000000783f80000,0x0000000783f80000,0x0000000784780000)
 ParOldGen       total 131072K, used 2764K [0x0000000701600000, 0x0000000709600000, 0x0000000780780000)
  object space 131072K, 2% used [0x0000000701600000,0x00000007018b32d8,0x0000000709600000)
 Metaspace       used 15921K, capacity 16098K, committed 16384K, reserved 1062912K
  class space    used 1895K, capacity 1971K, committed 2048K, reserved 1048576K
Event: 17.631 GC heap after
Heap after GC invocations=4 (full 0):
 PSYoungGen      total 57344K, used 5962K [0x0000000780780000, 0x0000000784780000, 0x00000007c0000000)
  eden space 49152K, 0% used [0x0000000780780000,0x0000000780780000,0x0000000783780000)
  from space 8192K, 72% used [0x0000000783f80000,0x00000007845528e0,0x0000000784780000)
  to   space 8192K, 0% used [0x0000000783780000,0x0000000783780000,0x0000000783f80000)
 ParOldGen       total 131072K, used 2772K [0x0000000701600000, 0x0000000709600000, 0x0000000780780000)
  object space 131072K, 2% used [0x0000000701600000,0x00000007018b52d8,0x0000000709600000)
 Metaspace       used 15921K, capacity 16098K, committed 16384K, reserved 1062912K
  class space    used 1895K, capacity 1971K, committed 2048K, reserved 1048576K
}

